Using pre-set license
Built from '2020.2/staging' branch; Version is '2020.2.6f1 (8a2143876886) revision 9052483'; Using compiler version '192528614'; Build Type 'Release'
OS: 'Windows 10 Home China; OS build 22000.556; Version 2009; 64bit' Language: 'zh' Physical Memory: 16139 MB
BatchMode: 1, IsHumanControllingUs: 0, StartBugReporterOnCrash: 0, Is64bit: 1, IsPro: 0

 COMMAND LINE ARGUMENTS:
C:\Program Files\Unity\Editor\Unity.exe
-adb2
-batchMode
-noUpm
-name
AssetImportWorker0
-projectPath
D:/Tech/Learn/ShaderLearn
-logFile
Logs/AssetImportWorker0.log
-srvPort
50505
Successfully changed project path to: D:/Tech/Learn/ShaderLearn
D:/Tech/Learn/ShaderLearn
Using Asset Import Pipeline V2.
Refreshing native plugins compatible for Editor in 13.38 ms, found 0 plugins.
Preloading 0 native plugins for Editor in 0.00 ms.
Initialize engine version: 2020.2.6f1 (8a2143876886)
[Subsystems] Discovering subsystems at path C:/Program Files/Unity/Editor/Data/Resources/UnitySubsystems
[Subsystems] Discovering subsystems at path D:/Tech/Learn/ShaderLearn/Assets
GfxDevice: creating device client; threaded=0
Direct3D:
    Version:  Direct3D 11.0 [level 11.1]
    Renderer: NVIDIA GeForce RTX 3060 Ti (ID=0x2489)
    Vendor:   
    VRAM:     8050 MB
    Driver:   30.0.14.7208
Initialize mono
Mono path[0] = 'C:/Program Files/Unity/Editor/Data/Managed'
Mono path[1] = 'C:/Program Files/Unity/Editor/Data/MonoBleedingEdge/lib/mono/unityjit'
Mono config path = 'C:/Program Files/Unity/Editor/Data/MonoBleedingEdge/etc'
Using monoOptions --debugger-agent=transport=dt_socket,embedding=1,server=y,suspend=n,address=127.0.0.1:56644
Begin MonoManager ReloadAssembly
Registering precompiled unity dll's ...
Register platform support module: C:/Program Files/Unity/Editor/Data/PlaybackEngines/WindowsStandaloneSupport/UnityEditor.WindowsStandalone.Extensions.dll
Registered in 0.000657 seconds.
Native extension for WindowsStandalone target not found
Refreshing native plugins compatible for Editor in 12.84 ms, found 0 plugins.
Preloading 0 native plugins for Editor in 0.00 ms.
Invoked RoslynAnalysisRunner static constructor.
RoslynAnalysisRunner will not be running.
RoslynAnalysisRunner has terminated.
Mono: successfully reloaded assembly
- Completed reload, in  0.577 seconds
Platform modules already initialized, skipping
Registering precompiled user dll's ...
Registered in 0.000215 seconds.
Begin MonoManager ReloadAssembly
Native extension for WindowsStandalone target not found
Refreshing native plugins compatible for Editor in 0.14 ms, found 0 plugins.
Preloading 0 native plugins for Editor in 0.00 ms.
Invoked RoslynAnalysisRunner static constructor.
RoslynAnalysisRunner will not be running.
RoslynAnalysisRunner has terminated.
Mono: successfully reloaded assembly
- Completed reload, in  0.445 seconds
Platform modules already initialized, skipping
========================================================================
Worker process is ready to serve import requests
Launched and connected shader compiler UnityShaderCompiler.exe after 0.02 seconds
Refreshing native plugins compatible for Editor in 0.21 ms, found 0 plugins.
Preloading 0 native plugins for Editor in 0.00 ms.
Unloading 1129 Unused Serialized files (Serialized files now loaded: 0)
System memory in use before: 60.3 MB.
System memory in use after: 60.4 MB.

Unloading 11 unused Assets to reduce memory usage. Loaded Objects now: 1572.
Total: 1.075200 ms (FindLiveObjects: 0.083400 ms CreateObjectMapping: 0.021200 ms MarkObjects: 0.903100 ms  DeleteObjects: 0.066500 ms)

========================================================================
Received Import Request.
  path: Assets/Chapter08
  artifactKey: Guid(b41a56fb1555b544895292dd8f91ad29) Importer(815301076,1909f56bfc062723c751e8b465ee728b)
Start importing Assets/Chapter08 using Guid(b41a56fb1555b544895292dd8f91ad29) Importer(815301076,1909f56bfc062723c751e8b465ee728b)  -> (artifact id: '2a1f79679d856f88d5549f44faf7f39b') in 0.002533 seconds
  Import took 0.003812 seconds .

========================================================================
Received Import Request.
  Time since last request: 11.873267 seconds.
  path: Assets/Chapter08/Scene.unity
  artifactKey: Guid(fa549c443d4be38489c04eb1e425ac06) Importer(815301076,1909f56bfc062723c751e8b465ee728b)
Start importing Assets/Chapter08/Scene.unity using Guid(fa549c443d4be38489c04eb1e425ac06) Importer(815301076,1909f56bfc062723c751e8b465ee728b)  -> (artifact id: '037ed57fb0ffa22e24e2f0cc1cf509c3') in 0.006007 seconds
  Import took 0.007232 seconds .

========================================================================
Received Import Request.
  Time since last request: 95.533760 seconds.
  path: Assets/Chapter08/Scene8_3.unity
  artifactKey: Guid(fa549c443d4be38489c04eb1e425ac06) Importer(815301076,1909f56bfc062723c751e8b465ee728b)
Start importing Assets/Chapter08/Scene8_3.unity using Guid(fa549c443d4be38489c04eb1e425ac06) Importer(815301076,1909f56bfc062723c751e8b465ee728b)  -> (artifact id: '9794e58e78ccf8088c3b32fa36f8f4ae') in 0.001255 seconds
  Import took 0.002792 seconds .

========================================================================
Received Import Request.
  Time since last request: 28.928670 seconds.
  path: Assets/Chapter08/Material
  artifactKey: Guid(7ab5cdec695892544aac3c9bd43f162a) Importer(815301076,1909f56bfc062723c751e8b465ee728b)
Start importing Assets/Chapter08/Material using Guid(7ab5cdec695892544aac3c9bd43f162a) Importer(815301076,1909f56bfc062723c751e8b465ee728b)  -> (artifact id: 'd058a45810a02a6d5844b6ab9049c16e') in 0.001429 seconds
  Import took 0.002810 seconds .

========================================================================
Received Import Request.
  Time since last request: 10.574158 seconds.
  path: Assets/Chapter08/Shader
  artifactKey: Guid(979c93f476a25cd45b963776ddfad08e) Importer(815301076,1909f56bfc062723c751e8b465ee728b)
Start importing Assets/Chapter08/Shader using Guid(979c93f476a25cd45b963776ddfad08e) Importer(815301076,1909f56bfc062723c751e8b465ee728b)  -> (artifact id: '7ef2ddae37ebe3e62ed1c403b44474fc') in 0.001402 seconds
  Import took 0.002753 seconds .

========================================================================
Received Import Request.
  Time since last request: 16.489892 seconds.
  path: Assets/Chapter08/Material/Chapter8-AlphaTest.shader
  artifactKey: Guid(3062819d39b6e314ba6d3a4f17ecc69a) Importer(815301076,1909f56bfc062723c751e8b465ee728b)
Start importing Assets/Chapter08/Material/Chapter8-AlphaTest.shader using Guid(3062819d39b6e314ba6d3a4f17ecc69a) Importer(815301076,1909f56bfc062723c751e8b465ee728b)  -> (artifact id: 'a0864c1ba9d9c16ea755ab5c45aa50e6') in 0.010185 seconds
  Import took 0.011456 seconds .

========================================================================
Received Import Request.
  Time since last request: 0.026183 seconds.
  path: Assets/Chapter08/Material/Chapter8-AlphaTest.shader
  artifactKey: Guid(3062819d39b6e314ba6d3a4f17ecc69a) Importer(815301076,1909f56bfc062723c751e8b465ee728b)
Start importing Assets/Chapter08/Material/Chapter8-AlphaTest.shader using Guid(3062819d39b6e314ba6d3a4f17ecc69a) Importer(815301076,1909f56bfc062723c751e8b465ee728b)  -> (artifact id: 'a0864c1ba9d9c16ea755ab5c45aa50e6') in 0.001311 seconds
  Import took 0.002545 seconds .

========================================================================
Received Import Request.
  Time since last request: 3442.331843 seconds.
  path: Assets/Chapter08/Material/Chapter8-AlphaTest.shader
  artifactKey: Guid(3062819d39b6e314ba6d3a4f17ecc69a) Importer(815301076,1909f56bfc062723c751e8b465ee728b)
Start importing Assets/Chapter08/Material/Chapter8-AlphaTest.shader using Guid(3062819d39b6e314ba6d3a4f17ecc69a) Importer(815301076,1909f56bfc062723c751e8b465ee728b)  -> (artifact id: '3179134686cb4d0a4176b3e5342254c0') in 0.002600 seconds
  Import took 0.004299 seconds .

========================================================================
Received Import Request.
  Time since last request: 49.685585 seconds.
  path: Assets/Chapter08/Material/Chapter8-AlphaTest.shader
  artifactKey: Guid(3062819d39b6e314ba6d3a4f17ecc69a) Importer(815301076,1909f56bfc062723c751e8b465ee728b)
Start importing Assets/Chapter08/Material/Chapter8-AlphaTest.shader using Guid(3062819d39b6e314ba6d3a4f17ecc69a) Importer(815301076,1909f56bfc062723c751e8b465ee728b)  -> (artifact id: 'e358ce5b84b7426a010faa6d3ff3724a') in 0.001356 seconds
  Import took 0.002548 seconds .

========================================================================
Received Import Request.
  Time since last request: 294.924030 seconds.
  path: Assets/Chapter08/Material/MatAlphaTest.mat
  artifactKey: Guid(8dbb52740819a4f4381ec1df3c4f3480) Importer(815301076,1909f56bfc062723c751e8b465ee728b)
Start importing Assets/Chapter08/Material/MatAlphaTest.mat using Guid(8dbb52740819a4f4381ec1df3c4f3480) Importer(815301076,1909f56bfc062723c751e8b465ee728b)  -> (artifact id: 'dcc7ceb2fa962b0e6d304cbf8e9de6d6') in 0.059610 seconds
  Import took 0.061289 seconds .

========================================================================
Received Import Request.
  Time since last request: 28.894192 seconds.
  path: Assets/Chapter08/Scene8_3.unity
  artifactKey: Guid(fa549c443d4be38489c04eb1e425ac06) Importer(815301076,1909f56bfc062723c751e8b465ee728b)
Start importing Assets/Chapter08/Scene8_3.unity using Guid(fa549c443d4be38489c04eb1e425ac06) Importer(815301076,1909f56bfc062723c751e8b465ee728b)  -> (artifact id: '3b1ac83a6d1db047b558ee41e2b9f2db') in 0.001274 seconds
  Import took 0.002516 seconds .

========================================================================
Received Import Request.
  Time since last request: 16.325589 seconds.
  path: Assets/Chapter08/Material/MatAlphaTest.mat
  artifactKey: Guid(8dbb52740819a4f4381ec1df3c4f3480) Importer(815301076,1909f56bfc062723c751e8b465ee728b)
Start importing Assets/Chapter08/Material/MatAlphaTest.mat using Guid(8dbb52740819a4f4381ec1df3c4f3480) Importer(815301076,1909f56bfc062723c751e8b465ee728b)  -> (artifact id: '9ccdcd5a6a6d56ccee461faf30e9a546') in 0.005436 seconds
  Import took 0.006772 seconds .

========================================================================
Received Import Request.
  Time since last request: 31.717932 seconds.
  path: Assets/Chapter08/Material/Chapter8-AlphaTest.shader
  artifactKey: Guid(3062819d39b6e314ba6d3a4f17ecc69a) Importer(815301076,1909f56bfc062723c751e8b465ee728b)
Start importing Assets/Chapter08/Material/Chapter8-AlphaTest.shader using Guid(3062819d39b6e314ba6d3a4f17ecc69a) Importer(815301076,1909f56bfc062723c751e8b465ee728b)  -> (artifact id: '7f31b53592be4ab0c89356fbaefeeccb') in 0.001343 seconds
  Import took 0.002733 seconds .

========================================================================
Received Import Request.
  Time since last request: 5545.236394 seconds.
  path: Assets
  artifactKey: Guid(00000000000000001000000000000000) Importer(815301076,1909f56bfc062723c751e8b465ee728b)
Start importing Assets using Guid(00000000000000001000000000000000) Importer(815301076,1909f56bfc062723c751e8b465ee728b)  -> (artifact id: 'f47cf443bddc682ac2de11ea429897ce') in 0.001345 seconds
  Import took 0.003075 seconds .

========================================================================
Received Import Request.
  Time since last request: 5.160821 seconds.
  path: Assets/SnowShader
  artifactKey: Guid(22a9d6ef58407b547b8ac5603d4b8ee8) Importer(815301076,1909f56bfc062723c751e8b465ee728b)
Start importing Assets/SnowShader using Guid(22a9d6ef58407b547b8ac5603d4b8ee8) Importer(815301076,1909f56bfc062723c751e8b465ee728b)  -> (artifact id: '5bbaedbc2b980d7e39a6bc6eea5ff670') in 0.001056 seconds
  Import took 0.002320 seconds .

========================================================================
Received Import Request.
  Time since last request: 15.730222 seconds.
  path: Assets/SnowShader/ScreenSpaceSnow.shader
  artifactKey: Guid(1dabc3fd7d87a364a940ad0a48b0ecfe) Importer(815301076,1909f56bfc062723c751e8b465ee728b)
Start importing Assets/SnowShader/ScreenSpaceSnow.shader using Guid(1dabc3fd7d87a364a940ad0a48b0ecfe) Importer(815301076,1909f56bfc062723c751e8b465ee728b)  -> (artifact id: 'a951b0c72a38b975d00d7fd6d5ace9a8') in 0.002014 seconds
  Import took 0.003339 seconds .

========================================================================
Received Import Request.
  Time since last request: 0.001221 seconds.
  path: Assets/SnowShader/ScreenSpaceSnow.shader
  artifactKey: Guid(1dabc3fd7d87a364a940ad0a48b0ecfe) Importer(815301076,1909f56bfc062723c751e8b465ee728b)
Start importing Assets/SnowShader/ScreenSpaceSnow.shader using Guid(1dabc3fd7d87a364a940ad0a48b0ecfe) Importer(815301076,1909f56bfc062723c751e8b465ee728b)  -> (artifact id: 'a951b0c72a38b975d00d7fd6d5ace9a8') in 0.001294 seconds
  Import took 0.002526 seconds .

========================================================================
Received Import Request.
  Time since last request: 34.359754 seconds.
  path: Assets/SnowShader/NewBehaviourScript.cs
  artifactKey: Guid(1bfb02984f3321a41abba299e71c8e30) Importer(815301076,1909f56bfc062723c751e8b465ee728b)
Start importing Assets/SnowShader/NewBehaviourScript.cs using Guid(1bfb02984f3321a41abba299e71c8e30) Importer(815301076,1909f56bfc062723c751e8b465ee728b)  -> (artifact id: '7ab789202da80450f0edb84756d13c00') in 0.008777 seconds
  Import took 0.010151 seconds .

========================================================================
Received Prepare
Registering precompiled user dll's ...
Registered in 0.000359 seconds.
Begin MonoManager ReloadAssembly
Native extension for WindowsStandalone target not found
Refreshing native plugins compatible for Editor in 0.23 ms, found 0 plugins.
Preloading 0 native plugins for Editor in 0.00 ms.
Invoked RoslynAnalysisRunner static constructor.
RoslynAnalysisRunner will not be running.
RoslynAnalysisRunner has terminated.
Mono: successfully reloaded assembly
- Completed reload, in  0.784 seconds
Platform modules already initialized, skipping
Refreshing native plugins compatible for Editor in 0.29 ms, found 0 plugins.
Preloading 0 native plugins for Editor in 0.00 ms.
Unloading 1115 Unused Serialized files (Serialized files now loaded: 0)
System memory in use before: 62.8 MB.
System memory in use after: 62.8 MB.

Unloading 9 unused Assets to reduce memory usage. Loaded Objects now: 1616.
Total: 1.904300 ms (FindLiveObjects: 0.216300 ms CreateObjectMapping: 0.036200 ms MarkObjects: 1.501600 ms  DeleteObjects: 0.148700 ms)

========================================================================
Received Import Request.
  Time since last request: 19.813555 seconds.
  path: Assets/SnowShader/ScreenSpaceSnow.cs
  artifactKey: Guid(1bfb02984f3321a41abba299e71c8e30) Importer(815301076,1909f56bfc062723c751e8b465ee728b)
Start importing Assets/SnowShader/ScreenSpaceSnow.cs using Guid(1bfb02984f3321a41abba299e71c8e30) Importer(815301076,1909f56bfc062723c751e8b465ee728b)  -> (artifact id: '1da19254d2eaf6a1263398ea3ca79cc0') in 0.004122 seconds
  Import took 0.025015 seconds .

========================================================================
Received Import Request.
  Time since last request: 211.110824 seconds.
  path: Assets/SnowShader/New Scene.unity
  artifactKey: Guid(74f8dd0ee6eda004799882c76845facf) Importer(815301076,1909f56bfc062723c751e8b465ee728b)
Start importing Assets/SnowShader/New Scene.unity using Guid(74f8dd0ee6eda004799882c76845facf) Importer(815301076,1909f56bfc062723c751e8b465ee728b)  -> (artifact id: '24af0538d50a557f21248e6d08699dbd') in 0.011551 seconds
  Import took 0.019922 seconds .

========================================================================
Received Prepare
Registering precompiled user dll's ...
Registered in 0.001098 seconds.
Begin MonoManager ReloadAssembly
Native extension for WindowsStandalone target not found
Refreshing native plugins compatible for Editor in 0.33 ms, found 0 plugins.
Preloading 0 native plugins for Editor in 0.00 ms.
Invoked RoslynAnalysisRunner static constructor.
RoslynAnalysisRunner will not be running.
RoslynAnalysisRunner has terminated.
Mono: successfully reloaded assembly
- Completed reload, in  0.755 seconds
Platform modules already initialized, skipping
Refreshing native plugins compatible for Editor in 0.34 ms, found 0 plugins.
Preloading 0 native plugins for Editor in 0.00 ms.
Unloading 1117 Unused Serialized files (Serialized files now loaded: 0)
System memory in use before: 63.0 MB.
System memory in use after: 62.9 MB.

Unloading 9 unused Assets to reduce memory usage. Loaded Objects now: 1621.
Total: 1.708400 ms (FindLiveObjects: 0.243400 ms CreateObjectMapping: 0.033500 ms MarkObjects: 1.271100 ms  DeleteObjects: 0.157500 ms)

========================================================================
Received Prepare
Registering precompiled user dll's ...
Registered in 0.000475 seconds.
Begin MonoManager ReloadAssembly
Native extension for WindowsStandalone target not found
Refreshing native plugins compatible for Editor in 0.22 ms, found 0 plugins.
Preloading 0 native plugins for Editor in 0.00 ms.
Invoked RoslynAnalysisRunner static constructor.
RoslynAnalysisRunner will not be running.
RoslynAnalysisRunner has terminated.
Mono: successfully reloaded assembly
- Completed reload, in  0.722 seconds
Platform modules already initialized, skipping
Refreshing native plugins compatible for Editor in 0.23 ms, found 0 plugins.
Preloading 0 native plugins for Editor in 0.00 ms.
Unloading 1117 Unused Serialized files (Serialized files now loaded: 0)
System memory in use before: 63.0 MB.
System memory in use after: 62.9 MB.

Unloading 9 unused Assets to reduce memory usage. Loaded Objects now: 1624.
Total: 1.652300 ms (FindLiveObjects: 0.207000 ms CreateObjectMapping: 0.037300 ms MarkObjects: 1.234500 ms  DeleteObjects: 0.172300 ms)

========================================================================
Received Import Request.
  Time since last request: 474.665564 seconds.
  path: Assets/SnowShader/Model
  artifactKey: Guid(1e9ffcbb4fdf50c4ca499833f2392435) Importer(815301076,1909f56bfc062723c751e8b465ee728b)
Start importing Assets/SnowShader/Model using Guid(1e9ffcbb4fdf50c4ca499833f2392435) Importer(815301076,1909f56bfc062723c751e8b465ee728b)  -> (artifact id: '0e90bd55ece22e0ace391ee8a4725844') in 0.005148 seconds
  Import took 0.007415 seconds .

========================================================================
Received Import Request.
  Time since last request: 0.068944 seconds.
  path: Assets/SnowShader/Model/80ba32ac.png
  artifactKey: Guid(e55cdfcfe4c6bbf4e9a29ba34702d4d7) Importer(815301076,1909f56bfc062723c751e8b465ee728b)
Start importing Assets/SnowShader/Model/80ba32ac.png using Guid(e55cdfcfe4c6bbf4e9a29ba34702d4d7) Importer(815301076,1909f56bfc062723c751e8b465ee728b)  -> (artifact id: '19bc40beed500ce5cc6b41e008a1086d') in 0.043787 seconds
  Import took 0.045186 seconds .

========================================================================
Received Import Request.
  Time since last request: 0.000216 seconds.
  path: Assets/SnowShader/Model/gongjianbing2.mat
  artifactKey: Guid(eeb17948b1c0a6e48a1ce05e89dfe8a4) Importer(815301076,1909f56bfc062723c751e8b465ee728b)
Start importing Assets/SnowShader/Model/gongjianbing2.mat using Guid(eeb17948b1c0a6e48a1ce05e89dfe8a4) Importer(815301076,1909f56bfc062723c751e8b465ee728b)  -> (artifact id: '8764af3026bef5cf3af79c13cf508cae') in 0.034194 seconds
  Import took 0.035768 seconds .

========================================================================
Received Import Request.
  Time since last request: 0.000210 seconds.
  path: Assets/SnowShader/Model/gongjianbing.mat
  artifactKey: Guid(9e094057645c3a140aa409b864d9447f) Importer(815301076,1909f56bfc062723c751e8b465ee728b)
Start importing Assets/SnowShader/Model/gongjianbing.mat using Guid(9e094057645c3a140aa409b864d9447f) Importer(815301076,1909f56bfc062723c751e8b465ee728b)  -> (artifact id: 'eb1e8091211fce4731b5028a571f1e55') in 0.006906 seconds
  Import took 0.008343 seconds .

========================================================================
Received Import Request.
  Time since last request: 0.000156 seconds.
  path: Assets/SnowShader/Model/gongjian.prefab
  artifactKey: Guid(065a64e3ae017c3438599e7782a2bb8f) Importer(815301076,1909f56bfc062723c751e8b465ee728b)
Start importing Assets/SnowShader/Model/gongjian.prefab using Guid(065a64e3ae017c3438599e7782a2bb8f) Importer(815301076,1909f56bfc062723c751e8b465ee728b)  -> (artifact id: 'e9676ab03b9af5fef728d3038a885854') in 0.021519 seconds
  Import took 0.035370 seconds .

========================================================================
Received Import Request.
  Time since last request: 0.000226 seconds.
  path: Assets/SnowShader/Model/gongjian3.mat
  artifactKey: Guid(728841434e9154a489b213daacc618c6) Importer(815301076,1909f56bfc062723c751e8b465ee728b)
Start importing Assets/SnowShader/Model/gongjian3.mat using Guid(728841434e9154a489b213daacc618c6) Importer(815301076,1909f56bfc062723c751e8b465ee728b)  -> (artifact id: '55f8ae22595e77a05833305bfb9117fb') in 0.005034 seconds
  Import took 0.006633 seconds .

========================================================================
Received Import Request.
  Time since last request: 1.428266 seconds.
  path: Assets/SnowShader/Model/Builds
  artifactKey: Guid(32d3d49d636008e46b2b522bfdc69e10) Importer(815301076,1909f56bfc062723c751e8b465ee728b)
Start importing Assets/SnowShader/Model/Builds using Guid(32d3d49d636008e46b2b522bfdc69e10) Importer(815301076,1909f56bfc062723c751e8b465ee728b)  -> (artifact id: 'b3f5df52b3ebffb359b9cc59703c22c9') in 0.001203 seconds
  Import took 0.002642 seconds .

========================================================================
Received Import Request.
  Time since last request: 0.238807 seconds.
  path: Assets/SnowShader/Model/Builds/gongjian.obj
  artifactKey: Guid(75914cdf6a1e06745b91b44cfc371886) Importer(815301076,1909f56bfc062723c751e8b465ee728b)
Start importing Assets/SnowShader/Model/Builds/gongjian.obj using Guid(75914cdf6a1e06745b91b44cfc371886) Importer(815301076,1909f56bfc062723c751e8b465ee728b)  -> (artifact id: '4c6d5bdc9bdf0f99172cb456a32b2f46') in 0.072892 seconds
  Import took 0.074435 seconds .

========================================================================
Received Import Request.
  Time since last request: 0.000212 seconds.
  path: Assets/SnowShader/Model/Builds/w9c (1).png
  artifactKey: Guid(7097f260f0cf55f4ab210ba08ebea420) Importer(815301076,1909f56bfc062723c751e8b465ee728b)
Start importing Assets/SnowShader/Model/Builds/w9c (1).png using Guid(7097f260f0cf55f4ab210ba08ebea420) Importer(815301076,1909f56bfc062723c751e8b465ee728b)  -> (artifact id: '06d253f2c49b4e0cf4b91c0d38706128') in 0.005489 seconds
  Import took 0.006825 seconds .

========================================================================
Received Import Request.
  Time since last request: 0.000168 seconds.
  path: Assets/SnowShader/Model/Builds/w9c (2).png
  artifactKey: Guid(373d487bfe2c3b54cba88568227430d2) Importer(815301076,1909f56bfc062723c751e8b465ee728b)
Start importing Assets/SnowShader/Model/Builds/w9c (2).png using Guid(373d487bfe2c3b54cba88568227430d2) Importer(815301076,1909f56bfc062723c751e8b465ee728b)  -> (artifact id: 'ed28c95893f20cad5f9ffae728ed90c1') in 0.018221 seconds
  Import took 0.019553 seconds .

========================================================================
Received Import Request.
  Time since last request: 0.000207 seconds.
  path: Assets/SnowShader/Model/Builds/W9.obj
  artifactKey: Guid(a15372a1a14164649a36d3868ce5bcac) Importer(815301076,1909f56bfc062723c751e8b465ee728b)
Start importing Assets/SnowShader/Model/Builds/W9.obj using Guid(a15372a1a14164649a36d3868ce5bcac) Importer(815301076,1909f56bfc062723c751e8b465ee728b)  -> (artifact id: 'f9139318adac308626ef0271b856d03e') in 0.063783 seconds
  Import took 0.065356 seconds .

========================================================================
Received Import Request.
  Time since last request: 0.000149 seconds.
  path: Assets/SnowShader/Model/Builds/天守新926 1.obj
  artifactKey: Guid(2e448010e9b971f4486c6d4dd8efaaca) Importer(815301076,1909f56bfc062723c751e8b465ee728b)
Start importing Assets/SnowShader/Model/Builds/天守新926 1.obj using Guid(2e448010e9b971f4486c6d4dd8efaaca) Importer(815301076,1909f56bfc062723c751e8b465ee728b)  -> (artifact id: 'b270b47a3880253017fcd2d3275b8c07') in 0.023844 seconds
  Import took 0.025333 seconds .

========================================================================
Received Import Request.
  Time since last request: 16.329259 seconds.
  path: Assets/SnowShader/Model/Builds/New Material.mat
  artifactKey: Guid(8cceaed1a8f871541ac0582a3ca3ba8c) Importer(815301076,1909f56bfc062723c751e8b465ee728b)
Start importing Assets/SnowShader/Model/Builds/New Material.mat using Guid(8cceaed1a8f871541ac0582a3ca3ba8c) Importer(815301076,1909f56bfc062723c751e8b465ee728b)  -> (artifact id: 'aed6052a901217bec1fbc02d08a60b71') in 0.012106 seconds
  Import took 0.013648 seconds .

========================================================================
Received Import Request.
  Time since last request: 50.052527 seconds.
  path: Assets/SnowShader/Model/Builds/New Material.mat
  artifactKey: Guid(8cceaed1a8f871541ac0582a3ca3ba8c) Importer(815301076,1909f56bfc062723c751e8b465ee728b)
Start importing Assets/SnowShader/Model/Builds/New Material.mat using Guid(8cceaed1a8f871541ac0582a3ca3ba8c) Importer(815301076,1909f56bfc062723c751e8b465ee728b)  -> (artifact id: '3f0de1c9964ea17bc21f0629a18ab3ad') in 0.005624 seconds
  Import took 0.007122 seconds .

========================================================================
Received Import Request.
  Time since last request: 19.570199 seconds.
  path: Assets/SnowShader/Model/Builds/NewLayer.terrainlayer
  artifactKey: Guid(3d7db0f170b699646803358865117237) Importer(815301076,1909f56bfc062723c751e8b465ee728b)
Start importing Assets/SnowShader/Model/Builds/NewLayer.terrainlayer using Guid(3d7db0f170b699646803358865117237) Importer(815301076,1909f56bfc062723c751e8b465ee728b)  -> (artifact id: '39ce59b8fe69b005c560bf61ae61cdad') in 0.006228 seconds
  Import took 0.007608 seconds .

========================================================================
Received Import Request.
  Time since last request: 9.541371 seconds.
  path: Assets/SnowShader/Model/Builds/T_Terrain_Ground_15_D.png
  artifactKey: Guid(64772837f16325f499bf17d76f332938) Importer(815301076,1909f56bfc062723c751e8b465ee728b)
Start importing Assets/SnowShader/Model/Builds/T_Terrain_Ground_15_D.png using Guid(64772837f16325f499bf17d76f332938) Importer(815301076,1909f56bfc062723c751e8b465ee728b)  -> (artifact id: '54c356a79c4e185a0bb91e619dc4c760') in 0.005094 seconds
  Import took 0.006431 seconds .

========================================================================
Received Prepare
Registering precompiled user dll's ...
Registered in 0.000524 seconds.
Begin MonoManager ReloadAssembly
Native extension for WindowsStandalone target not found
Refreshing native plugins compatible for Editor in 0.25 ms, found 0 plugins.
Preloading 0 native plugins for Editor in 0.00 ms.
Invoked RoslynAnalysisRunner static constructor.
RoslynAnalysisRunner will not be running.
RoslynAnalysisRunner has terminated.
Mono: successfully reloaded assembly
- Completed reload, in  0.791 seconds
Platform modules already initialized, skipping
Refreshing native plugins compatible for Editor in 0.24 ms, found 0 plugins.
Preloading 0 native plugins for Editor in 0.00 ms.
Unloading 1117 Unused Serialized files (Serialized files now loaded: 0)
System memory in use before: 63.3 MB.
System memory in use after: 63.3 MB.

Unloading 9 unused Assets to reduce memory usage. Loaded Objects now: 1637.
Total: 2.063300 ms (FindLiveObjects: 0.231200 ms CreateObjectMapping: 0.061200 ms MarkObjects: 1.606400 ms  DeleteObjects: 0.135100 ms)

========================================================================
Received Prepare
Registering precompiled user dll's ...
Registered in 0.000253 seconds.
Begin MonoManager ReloadAssembly
Native extension for WindowsStandalone target not found
Refreshing native plugins compatible for Editor in 0.15 ms, found 0 plugins.
Preloading 0 native plugins for Editor in 0.00 ms.
Invoked RoslynAnalysisRunner static constructor.
RoslynAnalysisRunner will not be running.
RoslynAnalysisRunner has terminated.
Mono: successfully reloaded assembly
- Completed reload, in  0.441 seconds
Platform modules already initialized, skipping
Refreshing native plugins compatible for Editor in 0.15 ms, found 0 plugins.
Preloading 0 native plugins for Editor in 0.00 ms.
Unloading 1117 Unused Serialized files (Serialized files now loaded: 0)
System memory in use before: 63.3 MB.
System memory in use after: 63.3 MB.

Unloading 9 unused Assets to reduce memory usage. Loaded Objects now: 1640.
Total: 1.177600 ms (FindLiveObjects: 0.136700 ms CreateObjectMapping: 0.037900 ms MarkObjects: 0.901300 ms  DeleteObjects: 0.100400 ms)

========================================================================
Received Import Request.
  Time since last request: 243.739649 seconds.
  path: Assets/SnowShader/Model/Builds/T_Terrain_Snow_02.png
  artifactKey: Guid(a0112c8228b81fd46972e073d31ebf18) Importer(815301076,1909f56bfc062723c751e8b465ee728b)
Start importing Assets/SnowShader/Model/Builds/T_Terrain_Snow_02.png using Guid(a0112c8228b81fd46972e073d31ebf18) Importer(815301076,1909f56bfc062723c751e8b465ee728b)  -> (artifact id: '19e4fe9fdb09cf64ab1be0792ecb2240') in 0.032787 seconds
  Import took 0.034271 seconds .

========================================================================
Received Import Request.
  Time since last request: 1.232822 seconds.
  path: Assets/SnowShader/Model/Builds/T_Terrain_Snow_01.png
  artifactKey: Guid(7e3cef4ef69c3964083af2ab0c939d96) Importer(815301076,1909f56bfc062723c751e8b465ee728b)
Start importing Assets/SnowShader/Model/Builds/T_Terrain_Snow_01.png using Guid(7e3cef4ef69c3964083af2ab0c939d96) Importer(815301076,1909f56bfc062723c751e8b465ee728b)  -> (artifact id: 'efb048b5352fb9eab779a9c73292f72a') in 0.004494 seconds
  Import took 0.005847 seconds .

========================================================================
Received Import Request.
  Time since last request: 948.131558 seconds.
  path: Assets/SnowShader/Model/Builds/Field
  artifactKey: Guid(c16e509c1d32427449d91798709005c5) Importer(815301076,1909f56bfc062723c751e8b465ee728b)
Start importing Assets/SnowShader/Model/Builds/Field using Guid(c16e509c1d32427449d91798709005c5) Importer(815301076,1909f56bfc062723c751e8b465ee728b)  -> (artifact id: '66807f57cbb97c129a284ffd8a5e452b') in 0.002831 seconds
  Import took 0.005638 seconds .

========================================================================
Received Import Request.
  Time since last request: 0.005468 seconds.
  path: Assets/SnowShader/Model/Builds/Field
  artifactKey: Guid(c16e509c1d32427449d91798709005c5) Importer(815301076,1909f56bfc062723c751e8b465ee728b)
Start importing Assets/SnowShader/Model/Builds/Field using Guid(c16e509c1d32427449d91798709005c5) Importer(815301076,1909f56bfc062723c751e8b465ee728b)  -> (artifact id: '66807f57cbb97c129a284ffd8a5e452b') in 0.002281 seconds
  Import took 0.003953 seconds .

========================================================================
Received Import Request.
  Time since last request: 1.340128 seconds.
  path: Assets/SnowShader/Model/Builds/Field/Textures
  artifactKey: Guid(6073df966748e5546a8c2ce90257160c) Importer(815301076,1909f56bfc062723c751e8b465ee728b)
Start importing Assets/SnowShader/Model/Builds/Field/Textures using Guid(6073df966748e5546a8c2ce90257160c) Importer(815301076,1909f56bfc062723c751e8b465ee728b)  -> (artifact id: 'f831bbb316afddf499f692aaa1377440') in 0.004314 seconds
  Import took 0.006603 seconds .

========================================================================
Received Import Request.
  Time since last request: 0.046219 seconds.
  path: Assets/SnowShader/Model/Builds/Field/Textures/田.png
  artifactKey: Guid(eea2f6355af776b4e9209fc2fc3d7096) Importer(815301076,1909f56bfc062723c751e8b465ee728b)
Start importing Assets/SnowShader/Model/Builds/Field/Textures/田.png using Guid(eea2f6355af776b4e9209fc2fc3d7096) Importer(815301076,1909f56bfc062723c751e8b465ee728b)  -> (artifact id: '494425f181d362a710e85ce14a9b2286') in 0.050219 seconds
  Import took 0.054100 seconds .

========================================================================
Received Import Request.
  Time since last request: 0.000501 seconds.
  path: Assets/SnowShader/Model/Builds/Field/Textures/田2.jpg
  artifactKey: Guid(78742b8697025ca478760ccbdbad906f) Importer(815301076,1909f56bfc062723c751e8b465ee728b)
Start importing Assets/SnowShader/Model/Builds/Field/Textures/田2.jpg using Guid(78742b8697025ca478760ccbdbad906f) Importer(815301076,1909f56bfc062723c751e8b465ee728b)  -> (artifact id: 'e276a239eb3432f743a30133e6db83b1') in 0.023721 seconds
  Import took 0.025848 seconds .

========================================================================
Received Import Request.
  Time since last request: 4.578890 seconds.
  path: Assets/SnowShader/Model/Builds/Town
  artifactKey: Guid(40ac6e8fadf22f44c8f43ecb9ddd55da) Importer(815301076,1909f56bfc062723c751e8b465ee728b)
Start importing Assets/SnowShader/Model/Builds/Town using Guid(40ac6e8fadf22f44c8f43ecb9ddd55da) Importer(815301076,1909f56bfc062723c751e8b465ee728b)  -> (artifact id: 'a0fa141f2392e704da4f886a027f30af') in 0.001080 seconds
  Import took 0.002344 seconds .

========================================================================
Received Import Request.
  Time since last request: 11.546523 seconds.
  path: Assets/SnowShader/Model/Builds/Town/TeaRoom
  artifactKey: Guid(3a3d2bafb4e2db74e926ee8ba3ec8e76) Importer(815301076,1909f56bfc062723c751e8b465ee728b)
Start importing Assets/SnowShader/Model/Builds/Town/TeaRoom using Guid(3a3d2bafb4e2db74e926ee8ba3ec8e76) Importer(815301076,1909f56bfc062723c751e8b465ee728b)  -> (artifact id: 'b1a3c50ec07bbf1924df1c04391fbe8c') in 0.001151 seconds
  Import took 0.002549 seconds .

========================================================================
Received Import Request.
  Time since last request: 0.517092 seconds.
  path: Assets/SnowShader/Model/Builds/Town/TeaRoom/Materials
  artifactKey: Guid(cdffbdb2334bd3b4882a132b6ad48ba0) Importer(815301076,1909f56bfc062723c751e8b465ee728b)
Start importing Assets/SnowShader/Model/Builds/Town/TeaRoom/Materials using Guid(cdffbdb2334bd3b4882a132b6ad48ba0) Importer(815301076,1909f56bfc062723c751e8b465ee728b)  -> (artifact id: 'a95758cd1c08a91bdbeb35787b27752d') in 0.007208 seconds
  Import took 0.008499 seconds .

========================================================================
Received Import Request.
  Time since last request: 0.085990 seconds.
  path: Assets/SnowShader/Model/Builds/Town/TeaRoom/Materials/1 2.mat
  artifactKey: Guid(d3643d2c7f8c0aa4a98b9dabb28617e4) Importer(815301076,1909f56bfc062723c751e8b465ee728b)
Start importing Assets/SnowShader/Model/Builds/Town/TeaRoom/Materials/1 2.mat using Guid(d3643d2c7f8c0aa4a98b9dabb28617e4) Importer(815301076,1909f56bfc062723c751e8b465ee728b)  -> (artifact id: '88269ab566b6852c0363eac71d9b05c6') in 0.020400 seconds
  Import took 0.021661 seconds .

========================================================================
Received Import Request.
  Time since last request: 0.000187 seconds.
  path: Assets/SnowShader/Model/Builds/Town/TeaRoom/Materials/Default.mat
  artifactKey: Guid(fb2ce015a7b58af0a1dc9a16ecd1ed51) Importer(815301076,1909f56bfc062723c751e8b465ee728b)
Start importing Assets/SnowShader/Model/Builds/Town/TeaRoom/Materials/Default.mat using Guid(fb2ce015a7b58af0a1dc9a16ecd1ed51) Importer(815301076,1909f56bfc062723c751e8b465ee728b)  -> (artifact id: '9e47f9fdd2be5ba9b1e532d9cf57746a') in 0.017331 seconds
  Import took 0.018648 seconds .

========================================================================
Received Import Request.
  Time since last request: 0.000196 seconds.
  path: Assets/SnowShader/Model/Builds/Town/TeaRoom/Materials/1 5.mat
  artifactKey: Guid(b2bd6281bd35222499275948cb94924e) Importer(815301076,1909f56bfc062723c751e8b465ee728b)
Start importing Assets/SnowShader/Model/Builds/Town/TeaRoom/Materials/1 5.mat using Guid(b2bd6281bd35222499275948cb94924e) Importer(815301076,1909f56bfc062723c751e8b465ee728b)  -> (artifact id: '33fd2b2d66093faf20e9ca0b6f6f0b0b') in 0.004494 seconds
  Import took 0.005691 seconds .

========================================================================
Received Import Request.
  Time since last request: 0.000157 seconds.
  path: Assets/SnowShader/Model/Builds/Town/TeaRoom/Materials/hjcs_dimian.mat
  artifactKey: Guid(c20e179a92d0fb246803f304d78fe8e2) Importer(815301076,1909f56bfc062723c751e8b465ee728b)
Start importing Assets/SnowShader/Model/Builds/Town/TeaRoom/Materials/hjcs_dimian.mat using Guid(c20e179a92d0fb246803f304d78fe8e2) Importer(815301076,1909f56bfc062723c751e8b465ee728b)  -> (artifact id: '94d0b4d6179d6b55d49c29d988d857dc') in 0.009749 seconds
  Import took 0.010929 seconds .

========================================================================
Received Import Request.
  Time since last request: 0.000211 seconds.
  path: Assets/SnowShader/Model/Builds/Town/TeaRoom/Materials/hjcs_wapian.mat
  artifactKey: Guid(c3f4c9d49b8e91a49813384c2a95795e) Importer(815301076,1909f56bfc062723c751e8b465ee728b)
Start importing Assets/SnowShader/Model/Builds/Town/TeaRoom/Materials/hjcs_wapian.mat using Guid(c3f4c9d49b8e91a49813384c2a95795e) Importer(815301076,1909f56bfc062723c751e8b465ee728b)  -> (artifact id: '8362fa7bffd032c975d74ea352805ec2') in 0.005066 seconds
  Import took 0.006524 seconds .

========================================================================
Received Import Request.
  Time since last request: 0.000140 seconds.
  path: Assets/SnowShader/Model/Builds/Town/TeaRoom/Materials/Material #71.mat
  artifactKey: Guid(e828eb89dccbe5ba36737fe662d289b2) Importer(815301076,1909f56bfc062723c751e8b465ee728b)
Start importing Assets/SnowShader/Model/Builds/Town/TeaRoom/Materials/Material #71.mat using Guid(e828eb89dccbe5ba36737fe662d289b2) Importer(815301076,1909f56bfc062723c751e8b465ee728b)  -> (artifact id: 'dd1c29454a63296c746dc790852e73e0') in 0.007417 seconds
  Import took 0.008810 seconds .

========================================================================
Received Import Request.
  Time since last request: 0.000186 seconds.
  path: Assets/SnowShader/Model/Builds/Town/TeaRoom/Materials/hjcs_shitou.mat
  artifactKey: Guid(fec3de3d33da8d14aa4bad191ede0fae) Importer(815301076,1909f56bfc062723c751e8b465ee728b)
Start importing Assets/SnowShader/Model/Builds/Town/TeaRoom/Materials/hjcs_shitou.mat using Guid(fec3de3d33da8d14aa4bad191ede0fae) Importer(815301076,1909f56bfc062723c751e8b465ee728b)  -> (artifact id: '151a51d7a6c52ea292704b3523fba627') in 0.004818 seconds
  Import took 0.006046 seconds .

========================================================================
Received Import Request.
  Time since last request: 0.000189 seconds.
  path: Assets/SnowShader/Model/Builds/Town/TeaRoom/Materials/hjcs_fangzi.mat
  artifactKey: Guid(8a9f3877aa967b14783923647acbbf8a) Importer(815301076,1909f56bfc062723c751e8b465ee728b)
Start importing Assets/SnowShader/Model/Builds/Town/TeaRoom/Materials/hjcs_fangzi.mat using Guid(8a9f3877aa967b14783923647acbbf8a) Importer(815301076,1909f56bfc062723c751e8b465ee728b)  -> (artifact id: 'd22076372f5faf7362bc2eccecbd4e63') in 0.008634 seconds
  Import took 0.009857 seconds .

========================================================================
Received Import Request.
  Time since last request: 0.000148 seconds.
  path: Assets/SnowShader/Model/Builds/Town/TeaRoom/Materials/1 4.mat
  artifactKey: Guid(282aee248d8736b43a0448befd3d80ee) Importer(815301076,1909f56bfc062723c751e8b465ee728b)
Start importing Assets/SnowShader/Model/Builds/Town/TeaRoom/Materials/1 4.mat using Guid(282aee248d8736b43a0448befd3d80ee) Importer(815301076,1909f56bfc062723c751e8b465ee728b)  -> (artifact id: '7c2d5a3b6b050432f5b71dfac8e1b13d') in 0.006037 seconds
  Import took 0.007227 seconds .

========================================================================
Received Prepare
Registering precompiled user dll's ...
Registered in 0.000437 seconds.
Begin MonoManager ReloadAssembly
Native extension for WindowsStandalone target not found
Refreshing native plugins compatible for Editor in 0.17 ms, found 0 plugins.
Preloading 0 native plugins for Editor in 0.00 ms.
Invoked RoslynAnalysisRunner static constructor.
RoslynAnalysisRunner will not be running.
RoslynAnalysisRunner has terminated.
Mono: successfully reloaded assembly
- Completed reload, in  0.588 seconds
Platform modules already initialized, skipping
Refreshing native plugins compatible for Editor in 0.17 ms, found 0 plugins.
Preloading 0 native plugins for Editor in 0.00 ms.
Unloading 1121 Unused Serialized files (Serialized files now loaded: 0)
System memory in use before: 64.5 MB.
System memory in use after: 63.6 MB.

Unloading 12 unused Assets to reduce memory usage. Loaded Objects now: 1646.
Total: 1.615900 ms (FindLiveObjects: 0.111800 ms CreateObjectMapping: 0.023800 ms MarkObjects: 1.050000 ms  DeleteObjects: 0.429000 ms)

